# JRE version: Java(TM) SE Runtime Environment (17.0.12+8) (build 17.0.12+8-LTS-286)
# Java VM: Java HotSpot(TM) 64-Bit Server VM (17.0.12+8-LTS-286, mixed mode, emulated-client, sharing, tiered, compressed oops, compressed class ptrs, g1 gc, windows-amd64)
GC Precious Log:
 CPUs: 4 total, 4 available
 Memory: 8087M
 Large Page Support: Disabled
 NUMA Support: Disabled
 Compressed Oops: Enabled (32-bit)
 Heap Region Size: 1M
 Heap Min Capacity: 8M
 Heap Initial Capacity: 128M
 Heap Max Capacity: 2022M
 Pre-touch: Disabled
 Parallel Workers: 4
 Concurrent Workers: 1
 Concurrent Refinement Workers: 4
 Periodic GC: Disabled
Heap:
 garbage-first heap   total 67584K, used 54091K [0x0000000081a00000, 0x0000000100000000)
  region size 1024K, 25 young (25600K), 3 survivors (3072K)
 Metaspace       used 61902K, committed 62528K, reserved 1114112K
  class space    used 8942K, committed 9216K, reserved 1048576K
GC Heap History (20 events):
Event: 3.100 GC heap after
{Heap after GC invocations=6 (full 0):
 garbage-first heap   total 56320K, used 16491K [0x0000000081a00000, 0x0000000100000000)
  region size 1024K, 7 young (7168K), 7 survivors (7168K)
 Metaspace       used 24874K, committed 25280K, reserved 1114112K
  class space    used 3470K, committed 3648K, reserved 1048576K
}
Event: 3.479 GC heap before
{Heap before GC invocations=6 (full 0):
 garbage-first heap   total 56320K, used 39019K [0x0000000081a00000, 0x0000000100000000)
  region size 1024K, 29 young (29696K), 7 survivors (7168K)
 Metaspace       used 27787K, committed 28224K, reserved 1114112K
  class space    used 3895K, committed 4096K, reserved 1048576K
}
Event: 3.489 GC heap after
{Heap after GC invocations=7 (full 0):
 garbage-first heap   total 56320K, used 18527K [0x0000000081a00000, 0x0000000100000000)
  region size 1024K, 3 young (3072K), 3 survivors (3072K)
 Metaspace       used 27787K, committed 28224K, reserved 1114112K
  class space    used 3895K, committed 4096K, reserved 1048576K
}
Event: 3.955 GC heap before
{Heap before GC invocations=7 (full 0):
 garbage-first heap   total 56320K, used 40031K [0x0000000081a00000, 0x0000000100000000)
  region size 1024K, 24 young (24576K), 3 survivors (3072K)
 Metaspace       used 30748K, committed 31296K, reserved 1114112K
  class space    used 4288K, committed 4544K, reserved 1048576K
}
Event: 3.961 GC heap after
{Heap after GC invocations=8 (full 0):
 garbage-first heap   total 56320K, used 20119K [0x0000000081a00000, 0x0000000100000000)
  region size 1024K, 2 young (2048K), 2 survivors (2048K)
 Metaspace       used 30748K, committed 31296K, reserved 1114112K
  class space    used 4288K, committed 4544K, reserved 1048576K
}
Event: 4.410 GC heap before
{Heap before GC invocations=8 (full 0):
 garbage-first heap   total 56320K, used 38551K [0x0000000081a00000, 0x0000000100000000)
  region size 1024K, 22 young (22528K), 2 survivors (2048K)
 Metaspace       used 35699K, committed 36160K, reserved 1114112K
  class space    used 5049K, committed 5248K, reserved 1048576K
}
Event: 4.416 GC heap after
{Heap after GC invocations=9 (full 0):
 garbage-first heap   total 67584K, used 20953K [0x0000000081a00000, 0x0000000100000000)
  region size 1024K, 3 young (3072K), 3 survivors (3072K)
 Metaspace       used 35699K, committed 36160K, reserved 1114112K
  class space    used 5049K, committed 5248K, reserved 1048576K
}
Event: 4.997 GC heap before
{Heap before GC invocations=10 (full 0):
 garbage-first heap   total 67584K, used 49625K [0x0000000081a00000, 0x0000000100000000)
  region size 1024K, 32 young (32768K), 3 survivors (3072K)
 Metaspace       used 42284K, committed 42816K, reserved 1114112K
  class space    used 5929K, committed 6208K, reserved 1048576K
}
Event: 5.004 GC heap after
{Heap after GC invocations=11 (full 0):
 garbage-first heap   total 67584K, used 23562K [0x0000000081a00000, 0x0000000100000000)
  region size 1024K, 4 young (4096K), 4 survivors (4096K)
 Metaspace       used 42284K, committed 42816K, reserved 1114112K
  class space    used 5929K, committed 6208K, reserved 1048576K
}
Event: 5.603 GC heap before
{Heap before GC invocations=12 (full 0):
 garbage-first heap   total 67584K, used 50186K [0x0000000081a00000, 0x0000000100000000)
  region size 1024K, 31 young (31744K), 4 survivors (4096K)
 Metaspace       used 49670K, committed 50176K, reserved 1114112K
  class space    used 7142K, committed 7424K, reserved 1048576K
}
Event: 5.609 GC heap after
{Heap after GC invocations=13 (full 0):
 garbage-first heap   total 67584K, used 24536K [0x0000000081a00000, 0x0000000100000000)
  region size 1024K, 2 young (2048K), 2 survivors (2048K)
 Metaspace       used 49670K, committed 50176K, reserved 1114112K
  class space    used 7142K, committed 7424K, reserved 1048576K
}
Event: 6.580 GC heap before
{Heap before GC invocations=13 (full 0):
 garbage-first heap   total 67584K, used 51160K [0x0000000081a00000, 0x0000000100000000)
  region size 1024K, 29 young (29696K), 2 survivors (2048K)
 Metaspace       used 54904K, committed 55488K, reserved 1114112K
  class space    used 7843K, committed 8128K, reserved 1048576K
}
Event: 6.585 GC heap after
{Heap after GC invocations=14 (full 0):
 garbage-first heap   total 67584K, used 25816K [0x0000000081a00000, 0x0000000100000000)
  region size 1024K, 3 young (3072K), 3 survivors (3072K)
 Metaspace       used 54904K, committed 55488K, reserved 1114112K
  class space    used 7843K, committed 8128K, reserved 1048576K
}
Event: 7.080 GC heap before
{Heap before GC invocations=14 (full 0):
 garbage-first heap   total 67584K, used 53464K [0x0000000081a00000, 0x0000000100000000)
  region size 1024K, 30 young (30720K), 3 survivors (3072K)
 Metaspace       used 57838K, committed 58432K, reserved 1114112K
  class space    used 8325K, committed 8576K, reserved 1048576K
}
Event: 7.089 GC heap after
{Heap after GC invocations=15 (full 0):
 garbage-first heap   total 67584K, used 28010K [0x0000000081a00000, 0x0000000100000000)
  region size 1024K, 4 young (4096K), 4 survivors (4096K)
 Metaspace       used 57838K, committed 58432K, reserved 1114112K
  class space    used 8325K, committed 8576K, reserved 1048576K
}
Event: 7.525 GC heap before
{Heap before GC invocations=15 (full 0):
 garbage-first heap   total 67584K, used 53610K [0x0000000081a00000, 0x0000000100000000)
  region size 1024K, 29 young (29696K), 4 survivors (4096K)
 Metaspace       used 60005K, committed 60608K, reserved 1114112K
  class space    used 8655K, committed 8960K, reserved 1048576K
}
Event: 7.534 GC heap after
{Heap after GC invocations=16 (full 0):
 garbage-first heap   total 67584K, used 29757K [0x0000000081a00000, 0x0000000100000000)
  region size 1024K, 2 young (2048K), 2 survivors (2048K)
 Metaspace       used 60005K, committed 60608K, reserved 1114112K
  class space    used 8655K, committed 8960K, reserved 1048576K
}
Event: 8.382 GC heap before
{Heap before GC invocations=16 (full 0):
 garbage-first heap   total 67584K, used 53309K [0x0000000081a00000, 0x0000000100000000)
  region size 1024K, 25 young (25600K), 2 survivors (2048K)
 Metaspace       used 61805K, committed 62400K, reserved 1114112K
  class space    used 8924K, committed 9216K, reserved 1048576K
}
Event: 8.397 GC heap after
{Heap after GC invocations=17 (full 0):
 garbage-first heap   total 67584K, used 31563K [0x0000000081a00000, 0x0000000100000000)
  region size 1024K, 4 young (4096K), 4 survivors (4096K)
 Metaspace       used 61805K, committed 62400K, reserved 1114112K
  class space    used 8924K, committed 9216K, reserved 1048576K
}
Event: 10004.319 GC heap before
{Heap before GC invocations=17 (full 0):
 garbage-first heap   total 67584K, used 54091K [0x0000000081a00000, 0x0000000100000000)
  region size 1024K, 26 young (26624K), 4 survivors (4096K)
 Metaspace       used 61902K, committed 62528K, reserved 1114112K
  class space    used 8942K, committed 9216K, reserved 1048576K
}

