<?xml version="1.0" encoding="UTF-8"?>
<testsuite xmlns:xsi="http://www.w3.org/2001/XMLSchema-instance" xsi:noNamespaceSchemaLocation="https://maven.apache.org/surefire/maven-surefire-plugin/xsd/surefire-test-report-3.0.xsd" version="3.0" name="com.School.SchoolManagementSystemApplicationTests" time="20.121" tests="1" errors="0" skipped="0" failures="0">
  <properties>
[...]
</properties>
  <testcase name="contextLoads" classname="com.School.SchoolManagementSystemApplicationTests" time="1.149">
    <system-out><![CDATA[23:00:12.381 [main] INFO org.springframework.test.context.support.AnnotationConfigContextLoaderUtils -- Could not detect default configuration classes for test class [com.School.SchoolManagementSystemApplicationTests]: SchoolManagementSystemApplicationTests does not declare any static, non-private, non-final, nested classes annotated with @Configuration.
23:00:12.618 [main] INFO org.springframework.boot.test.context.SpringBootTestContextBootstrapper -- Found @SpringBootConfiguration com.School.SchoolManagementSystemApplication for test class com.School.SchoolManagementSystemApplicationTests
23:00:13.022 [main] INFO org.springframework.boot.devtools.restart.RestartApplicationListener -- Restart disabled due to context in which it is running

  .   ____          _            __ _ _
 /\\ / ___'_ __ _ _(_)_ __  __ _ \ \ \ \
( ( )\___ | '_ | '_| | '_ \/ _` | \ \ \ \
 \\/  ___)| |_)| | | | | || (_| |  ) ) ) )
  '  |____| .__|_| |_|_| |_\__, | / / / /
 =========|_|==============|___/=/_/_/_/
 :: Spring Boot ::                (v3.2.7)

2024-09-07T23:00:13.757+05:30  INFO 8232 --- [           main] S.SchoolManagementSystemApplicationTests : Starting SchoolManagementSystemApplicationTests using Java 17.0.12 with PID 8232 (started by Neural_Bridge_Ai_J in D:\Back-end\SchoolManagementSystem-main\SchoolManagementSystem-main)
2024-09-07T23:00:13.760+05:30  INFO 8232 --- [           main] S.SchoolManagementSystemApplicationTests : No active profile set, falling back to 1 default profile: "default"
2024-09-07T23:00:16.106+05:30  INFO 8232 --- [           main] .s.d.r.c.RepositoryConfigurationDelegate : Bootstrapping Spring Data JPA repositories in DEFAULT mode.
2024-09-07T23:00:16.310+05:30  INFO 8232 --- [           main] .s.d.r.c.RepositoryConfigurationDelegate : Finished Spring Data repository scanning in 179 ms. Found 2 JPA repository interfaces.
2024-09-07T23:00:17.746+05:30  INFO 8232 --- [           main] o.hibernate.jpa.internal.util.LogHelper  : HHH000204: Processing PersistenceUnitInfo [name: default]
2024-09-07T23:00:17.908+05:30  INFO 8232 --- [           main] org.hibernate.Version                    : HHH000412: Hibernate ORM core version 6.4.9.Final
2024-09-07T23:00:18.017+05:30  INFO 8232 --- [           main] o.h.c.internal.RegionFactoryInitiator    : HHH000026: Second-level cache disabled
2024-09-07T23:00:18.761+05:30  INFO 8232 --- [           main] o.s.o.j.p.SpringPersistenceUnitInfo      : No LoadTimeWeaver setup: ignoring JPA class transformer
2024-09-07T23:00:18.827+05:30  INFO 8232 --- [           main] com.zaxxer.hikari.HikariDataSource       : HikariPool-1 - Starting...
2024-09-07T23:00:22.718+05:30  INFO 8232 --- [           main] com.zaxxer.hikari.pool.HikariPool        : HikariPool-1 - Added connection com.mysql.cj.jdbc.ConnectionImpl@5fe5c68b
2024-09-07T23:00:22.727+05:30  INFO 8232 --- [           main] com.zaxxer.hikari.HikariDataSource       : HikariPool-1 - Start completed.
2024-09-07T23:00:25.192+05:30  INFO 8232 --- [           main] o.h.e.t.j.p.i.JtaPlatformInitiator       : HHH000489: No JTA platform available (set 'hibernate.transaction.jta.platform' to enable JTA platform integration)
2024-09-07T23:00:27.170+05:30  INFO 8232 --- [           main] j.LocalContainerEntityManagerFactoryBean : Initialized JPA EntityManagerFactory for persistence unit 'default'
2024-09-07T23:00:27.810+05:30 DEBUG 8232 --- [           main] o.s.d.jpa.repository.query.NamedQuery    : Looking up named query Student.existsByRollNo
2024-09-07T23:00:27.815+05:30 DEBUG 8232 --- [           main] o.s.d.jpa.repository.query.NamedQuery    : Did not find named query Student.existsByRollNo
2024-09-07T23:00:27.968+05:30 DEBUG 8232 --- [           main] o.s.d.jpa.repository.query.NamedQuery    : Looking up named query Student.findByRollNo
2024-09-07T23:00:27.969+05:30 DEBUG 8232 --- [           main] o.s.d.jpa.repository.query.NamedQuery    : Did not find named query Student.findByRollNo
2024-09-07T23:00:27.973+05:30 DEBUG 8232 --- [           main] o.s.d.jpa.repository.query.NamedQuery    : Looking up named query Student.findByStandard
2024-09-07T23:00:27.975+05:30 DEBUG 8232 --- [           main] o.s.d.jpa.repository.query.NamedQuery    : Did not find named query Student.findByStandard
2024-09-07T23:00:28.000+05:30  INFO 8232 --- [           main] o.s.d.j.r.query.QueryEnhancerFactory     : Hibernate is in classpath; If applicable, HQL parser will be used.
2024-09-07T23:00:28.411+05:30 DEBUG 8232 --- [           main] o.s.d.jpa.repository.query.NamedQuery    : Did not find named query Student.deleteByRollNo.count
2024-09-07T23:00:28.898+05:30 DEBUG 8232 --- [           main] o.s.d.jpa.repository.query.NamedQuery    : Looking up named query User.findByEmail
2024-09-07T23:00:28.899+05:30 DEBUG 8232 --- [           main] o.s.d.jpa.repository.query.NamedQuery    : Did not find named query User.findByEmail
2024-09-07T23:00:29.970+05:30  INFO 8232 --- [           main] o.s.s.web.DefaultSecurityFilterChain     : Will secure any request with [org.springframework.security.web.session.DisableEncodeUrlFilter@2e5dea22, org.springframework.security.web.context.request.async.WebAsyncManagerIntegrationFilter@4fd8aefe, org.springframework.security.web.context.SecurityContextHolderFilter@1676e501, org.springframework.security.web.header.HeaderWriterFilter@66d62c59, org.springframework.web.filter.CorsFilter@4a59d584, org.springframework.security.web.authentication.logout.LogoutFilter@4caca86d, com.School.SecurityConfig.JwtAuthFilter@7fd7965b, org.springframework.security.web.savedrequest.RequestCacheAwareFilter@7f39bcb5, org.springframework.security.web.servletapi.SecurityContextHolderAwareRequestFilter@2acfd27b, org.springframework.security.web.authentication.AnonymousAuthenticationFilter@60abe420, org.springframework.security.web.session.SessionManagementFilter@13c36d48, org.springframework.security.web.access.ExceptionTranslationFilter@68596992, org.springframework.security.web.access.intercept.AuthorizationFilter@2cc9a5a2]
2024-09-07T23:00:30.850+05:30  INFO 8232 --- [           main] S.SchoolManagementSystemApplicationTests : Started SchoolManagementSystemApplicationTests in 17.861 seconds (process running for 20.035)
]]></system-out>
  </testcase>
</testsuite>